<?xml version="1.0" encoding="UTF-8"?>
<!-- Generated by org.testng.reporters.JUnitReportReporter -->
<testsuite skipped="0" hostname="Vepas-MBP" name="com.class02.HardAssertionTask" tests="1" failures="0" timestamp="2020-05-22T22:42:18 CDT" time="5.754" errors="0">
  <testcase name="logoAndWelcomeValidation" time="5.754" classname="com.class02.HardAssertionTask"/>
  <system-out/>
</testsuite> <!-- com.class02.HardAssertionTask -->
