<?xml version="1.0" encoding="UTF-8"?>
<!-- Generated by org.testng.reporters.JUnitReportReporter -->
<testsuite skipped="0" hostname="Vepas-MBP" name="com.class01.TestNGDemo" tests="3" failures="0" timestamp="2020-05-19T18:16:14 CDT" time="0.016" errors="0">
  <testcase name="testOne" time="0.012" classname="com.class01.TestNGDemo"/>
  <system-out/>
  <testcase name="testTwo" time="0.002" classname="com.class01.TestNGDemo"/>
  <system-out/>
  <testcase name="testThree" time="0.002" classname="com.class01.TestNGDemo"/>
  <system-out/>
</testsuite> <!-- com.class01.TestNGDemo -->
