<?xml version="1.0" encoding="UTF-8"?>
<!-- Generated by org.testng.reporters.JUnitReportReporter -->
<testsuite skipped="0" hostname="Vepas-MBP" name="com.class03.GroupsDemo" tests="2" failures="0" timestamp="2020-05-27T13:52:26 CDT" time="0.016" errors="0">
  <testcase name="test2" time="0.008" classname="com.class03.GroupsDemo"/>
  <system-out/>
  <testcase name="test4" time="0.008" classname="com.class03.GroupsDemo"/>
  <system-out/>
</testsuite> <!-- com.class03.GroupsDemo -->
