<?xml version="1.0" encoding="UTF-8"?>
<!-- Generated by org.testng.reporters.JUnitReportReporter -->
<testsuite skipped="0" hostname="Vepas-MBP" name="com.class02.Task1Annotiatins" tests="4" failures="0" timestamp="2020-05-20T19:51:56 CDT" time="0.020" errors="0">
  <testcase name="method4" time="0.007" classname="com.class02.Task1Annotiatins"/>
  <system-out/>
  <testcase name="method3" time="0.003" classname="com.class02.Task1Annotiatins"/>
  <system-out/>
  <testcase name="method2" time="0.008" classname="com.class02.Task1Annotiatins"/>
  <system-out/>
  <testcase name="method1" time="0.002" classname="com.class02.Task1Annotiatins"/>
  <system-out/>
</testsuite> <!-- com.class02.Task1Annotiatins -->
