<?xml version="1.0" encoding="UTF-8"?>
<!-- Generated by org.testng.reporters.JUnitReportReporter -->
<testsuite skipped="0" hostname="Vepas-MBP" name="com.class01.TaskAnnotations" tests="3" failures="0" timestamp="2020-05-19T20:22:29 CDT" time="0.022" errors="0">
  <testcase name="test2" time="0.004" classname="com.class01.TaskAnnotations"/>
  <system-out/>
  <testcase name="test1" time="0.011" classname="com.class01.TaskAnnotations"/>
  <system-out/>
  <testcase name="test3" time="0.007" classname="com.class01.TaskAnnotations"/>
  <system-out/>
</testsuite> <!-- com.class01.TaskAnnotations -->
