<?xml version="1.0" encoding="UTF-8"?>
<!-- Generated by org.testng.reporters.JUnitReportReporter -->
<testsuite skipped="0" hostname="Vepas-MBP" name="com.class02.AssertionDemo" tests="1" failures="0" timestamp="2020-05-20T20:07:36 CDT" time="4.367" errors="0">
  <testcase name="titleValidation" time="4.367" classname="com.class02.AssertionDemo"/>
  <system-out/>
</testsuite> <!-- com.class02.AssertionDemo -->
