<?xml version="1.0" encoding="UTF-8"?>
<!-- Generated by org.testng.reporters.JUnitReportReporter -->
<testsuite skipped="0" hostname="Vepas-MBP" name="com.class01.HW2" tests="1" failures="0" timestamp="2020-05-20T18:34:30 CDT" time="3.546" errors="0">
  <testcase name="invalidLogin" time="3.546" classname="com.class01.HW2"/>
  <system-out/>
</testsuite> <!-- com.class01.HW2 -->
