<?xml version="1.0" encoding="UTF-8"?>
<!-- Generated by org.testng.reporters.JUnitReportReporter -->
<testsuite skipped="0" hostname="Vepas-MBP" name="com.test.AddEmployeeTest" tests="1" failures="0" timestamp="2020-05-26T21:50:31 CDT" time="8.571" errors="0">
  <testcase name="addEmployeePage" time="8.571" classname="com.test.AddEmployeeTest"/>
  <system-out/>
</testsuite> <!-- com.test.AddEmployeeTest -->
