<?xml version="1.0" encoding="UTF-8"?>
<!-- Generated by org.testng.reporters.JUnitReportReporter -->
<testsuite skipped="1" hostname="Vepas-MBP" name="com.class04.Hw" tests="1" failures="0" timestamp="2020-05-30T23:29:57 CDT" time="0.000" errors="0">
  <testcase name="test" time="0.000" classname="com.class04.Hw">
    <skipped/>
  </testcase> <!-- test -->
  <system-out/>
</testsuite> <!-- com.class04.Hw -->
