<?xml version="1.0" encoding="UTF-8"?>
<!-- Generated by org.testng.reporters.JUnitReportReporter -->
<testsuite skipped="0" hostname="Vepas-MBP" name="com.class01.HW1" tests="2" failures="0" timestamp="2020-05-20T14:15:34 CDT" time="8.176" errors="0">
  <testcase name="logoValidation" time="2.480" classname="com.class01.HW1"/>
  <system-out/>
  <testcase name="loginValidation" time="5.696" classname="com.class01.HW1"/>
  <system-out/>
</testsuite> <!-- com.class01.HW1 -->
