<?xml version="1.0" encoding="UTF-8"?>
<!-- Generated by org.testng.reporters.JUnitReportReporter -->
<testsuite skipped="0" hostname="Vepas-MBP" name="com.class05.Recap" tests="1" failures="0" timestamp="2020-05-30T09:49:06 CDT" time="0.010" errors="0">
  <testcase name="arrayRecap" time="0.010" classname="com.class05.Recap"/>
  <system-out/>
</testsuite> <!-- com.class05.Recap -->
