<?xml version="1.0" encoding="UTF-8"?>
<!-- Generated by org.testng.reporters.JUnitReportReporter -->
<testsuite skipped="0" hostname="Vepas-MBP" name="com.TestNG.Review01.sauceDemoTask" tests="2" failures="0" timestamp="2020-05-24T11:48:57 CDT" time="15.800" errors="0">
  <testcase name="select" time="8.534" classname="com.TestNG.Review01.sauceDemoTask"/>
  <system-out/>
  <testcase name="verify" time="7.266" classname="com.TestNG.Review01.sauceDemoTask"/>
  <system-out/>
</testsuite> <!-- com.TestNG.Review01.sauceDemoTask -->
