<?xml version="1.0" encoding="UTF-8"?>
<!-- Generated by org.testng.reporters.JUnitReportReporter -->
<testsuite skipped="0" hostname="Vepas-MBP" name="com.test.sauceParameterDemo" tests="1" failures="0" timestamp="2020-05-28T20:31:02 CDT" time="3.815" errors="0">
  <testcase name="login" time="3.815" classname="com.test.sauceParameterDemo"/>
  <system-out/>
</testsuite> <!-- com.test.sauceParameterDemo -->
