<?xml version="1.0" encoding="UTF-8"?>
<!-- Generated by org.testng.reporters.JUnitReportReporter -->
<testsuite skipped="0" hostname="Vepas-MBP" name="com.class02.HardAssertionDemo" tests="2" failures="0" timestamp="2020-05-22T22:34:38 CDT" time="5.800" errors="0">
  <testcase name="titleValidation" time="3.296" classname="com.class02.HardAssertionDemo"/>
  <system-out/>
  <testcase name="logoValidation" time="2.504" classname="com.class02.HardAssertionDemo"/>
  <system-out/>
</testsuite> <!-- com.class02.HardAssertionDemo -->
